0 info it worked if it ends with ok
1 verbose cli [ 'c:\\Program Files\\nodejs\\node.exe',
1 verbose cli   'c:\\Program Files\\nodejs\\node_modules\\npm\\bin\\npm-cli.js',
1 verbose cli   'install',
1 verbose cli   '-g',
1 verbose cli   'coffee-stir' ]
2 info using npm@1.3.11
3 info using node@v0.10.21
4 verbose cache add [ 'coffee-stir', null ]
5 verbose cache add name=undefined spec="coffee-stir" args=["coffee-stir",null]
6 verbose parsed url { protocol: null,
6 verbose parsed url   slashes: null,
6 verbose parsed url   auth: null,
6 verbose parsed url   host: null,
6 verbose parsed url   port: null,
6 verbose parsed url   hostname: null,
6 verbose parsed url   hash: null,
6 verbose parsed url   search: null,
6 verbose parsed url   query: null,
6 verbose parsed url   pathname: 'coffee-stir',
6 verbose parsed url   path: 'coffee-stir',
6 verbose parsed url   href: 'coffee-stir' }
7 silly lockFile 9cbd8779-coffee-stir coffee-stir
8 verbose lock coffee-stir C:\Users\shavyg2\AppData\Roaming\npm-cache\9cbd8779-coffee-stir.lock
9 silly lockFile 9cbd8779-coffee-stir coffee-stir
10 silly lockFile 9cbd8779-coffee-stir coffee-stir
11 verbose addNamed [ 'coffee-stir', '' ]
12 verbose addNamed [ null, '*' ]
13 silly lockFile 3ed50ee0-coffee-stir coffee-stir@
14 verbose lock coffee-stir@ C:\Users\shavyg2\AppData\Roaming\npm-cache\3ed50ee0-coffee-stir.lock
15 silly addNameRange { name: 'coffee-stir', range: '*', hasData: false }
16 verbose url raw coffee-stir
17 verbose url resolving [ 'https://registry.npmjs.org/', './coffee-stir' ]
18 verbose url resolved https://registry.npmjs.org/coffee-stir
19 info trying registry request attempt 1 at 15:37:39
20 http GET https://registry.npmjs.org/coffee-stir
21 http 200 https://registry.npmjs.org/coffee-stir
22 silly registry.get cb [ 200,
22 silly registry.get   { date: 'Thu, 10 Apr 2014 19:37:39 GMT',
22 silly registry.get     server: 'CouchDB/1.5.0 (Erlang OTP/R14B04)',
22 silly registry.get     etag: '"ATHGXU4F5P46T9X0X69NGTO80"',
22 silly registry.get     'content-type': 'application/json',
22 silly registry.get     via: '1.1 varnish',
22 silly registry.get     'cache-control': 'max-age=1',
22 silly registry.get     'content-length': '1262',
22 silly registry.get     'accept-ranges': 'bytes',
22 silly registry.get     age: '63',
22 silly registry.get     'x-served-by': 'cache-v41-ASH, cache-at50-ATL',
22 silly registry.get     'x-cache': 'MISS, MISS',
22 silly registry.get     'x-cache-hits': '0, 0',
22 silly registry.get     'x-timer': 'S1397158659.289958954,VS0,VS8,VE16,VE22',
22 silly registry.get     vary: 'Accept',
22 silly registry.get     'keep-alive': 'timeout=10, max=50',
22 silly registry.get     connection: 'Keep-Alive' } ]
23 silly addNameRange number 2 { name: 'coffee-stir', range: '*', hasData: true }
24 silly addNameRange versions [ 'coffee-stir', [ '0.0.1' ] ]
25 verbose addNamed [ 'coffee-stir', '0.0.1' ]
26 verbose addNamed [ '0.0.1', '0.0.1' ]
27 silly lockFile 3ab65cc5-coffee-stir-0-0-1 coffee-stir@0.0.1
28 verbose lock coffee-stir@0.0.1 C:\Users\shavyg2\AppData\Roaming\npm-cache\3ab65cc5-coffee-stir-0-0-1.lock
29 silly lockFile 0ef72efd-offee-stir-coffee-stir-0-0-1-tgz https://registry.npmjs.org/coffee-stir/-/coffee-stir-0.0.1.tgz
30 verbose lock https://registry.npmjs.org/coffee-stir/-/coffee-stir-0.0.1.tgz C:\Users\shavyg2\AppData\Roaming\npm-cache\0ef72efd-offee-stir-coffee-stir-0-0-1-tgz.lock
31 verbose addRemoteTarball [ 'https://registry.npmjs.org/coffee-stir/-/coffee-stir-0.0.1.tgz',
31 verbose addRemoteTarball   '8d8066880bccd5b6b3677159ba4da9e1fe4e1269' ]
32 info retry fetch attempt 1 at 15:37:39
33 verbose fetch to= C:\Users\shavyg2\AppData\Local\Temp\npm-5288-soabAdYd\1397158659820-0.08648708579130471\tmp.tgz
34 http GET https://registry.npmjs.org/coffee-stir/-/coffee-stir-0.0.1.tgz
35 error fetch failed https://registry.npmjs.org/coffee-stir/-/coffee-stir-0.0.1.tgz
36 info retry will retry, error on last attempt: Error: UNABLE_TO_VERIFY_LEAF_SIGNATURE
37 info retry fetch attempt 2 at 15:37:49
38 verbose fetch to= C:\Users\shavyg2\AppData\Local\Temp\npm-5288-soabAdYd\1397158659820-0.08648708579130471\tmp.tgz
39 http GET https://registry.npmjs.org/coffee-stir/-/coffee-stir-0.0.1.tgz
40 error fetch failed https://registry.npmjs.org/coffee-stir/-/coffee-stir-0.0.1.tgz
41 info retry will retry, error on last attempt: Error: UNABLE_TO_VERIFY_LEAF_SIGNATURE
42 info retry fetch attempt 3 at 15:38:50
43 verbose fetch to= C:\Users\shavyg2\AppData\Local\Temp\npm-5288-soabAdYd\1397158659820-0.08648708579130471\tmp.tgz
44 http GET https://registry.npmjs.org/coffee-stir/-/coffee-stir-0.0.1.tgz
45 http 200 https://registry.npmjs.org/coffee-stir/-/coffee-stir-0.0.1.tgz
46 verbose tar unpack C:\Users\shavyg2\AppData\Local\Temp\npm-5288-soabAdYd\1397158659820-0.08648708579130471\tmp.tgz
47 silly lockFile 81d5526b-9820-0-08648708579130471-package tar://C:\Users\shavyg2\AppData\Local\Temp\npm-5288-soabAdYd\1397158659820-0.08648708579130471\package
48 verbose lock tar://C:\Users\shavyg2\AppData\Local\Temp\npm-5288-soabAdYd\1397158659820-0.08648708579130471\package C:\Users\shavyg2\AppData\Roaming\npm-cache\81d5526b-9820-0-08648708579130471-package.lock
49 silly lockFile 4c2da492-9820-0-08648708579130471-tmp-tgz tar://C:\Users\shavyg2\AppData\Local\Temp\npm-5288-soabAdYd\1397158659820-0.08648708579130471\tmp.tgz
50 verbose lock tar://C:\Users\shavyg2\AppData\Local\Temp\npm-5288-soabAdYd\1397158659820-0.08648708579130471\tmp.tgz C:\Users\shavyg2\AppData\Roaming\npm-cache\4c2da492-9820-0-08648708579130471-tmp-tgz.lock
51 silly gunzTarPerm modes [ '755', '644' ]
52 silly gunzTarPerm extractEntry package.json
53 silly gunzTarPerm modified mode [ 'package.json', 438, 420 ]
54 silly gunzTarPerm extractEntry .npmignore
55 silly gunzTarPerm modified mode [ '.npmignore', 438, 420 ]
56 silly gunzTarPerm extractEntry .idea/.name
57 silly gunzTarPerm modified mode [ '.idea/.name', 438, 420 ]
58 silly gunzTarPerm extractEntry .idea/coffee-stir.iml
59 silly gunzTarPerm modified mode [ '.idea/coffee-stir.iml', 438, 420 ]
60 silly gunzTarPerm extractEntry .idea/encodings.xml
61 silly gunzTarPerm modified mode [ '.idea/encodings.xml', 438, 420 ]
62 silly gunzTarPerm extractEntry .idea/misc.xml
63 silly gunzTarPerm modified mode [ '.idea/misc.xml', 438, 420 ]
64 silly gunzTarPerm extractEntry .idea/modules.xml
65 silly gunzTarPerm modified mode [ '.idea/modules.xml', 438, 420 ]
66 silly gunzTarPerm extractEntry .idea/scopes/scope_settings.xml
67 silly gunzTarPerm modified mode [ '.idea/scopes/scope_settings.xml', 438, 420 ]
68 silly gunzTarPerm extractEntry .idea/vcs.xml
69 silly gunzTarPerm modified mode [ '.idea/vcs.xml', 438, 420 ]
70 silly gunzTarPerm extractEntry .idea/workspace.xml
71 silly gunzTarPerm modified mode [ '.idea/workspace.xml', 438, 420 ]
72 silly gunzTarPerm extractEntry bin/cli.js
73 silly gunzTarPerm modified mode [ 'bin/cli.js', 438, 420 ]
74 silly gunzTarPerm extractEntry build-release.sh
75 silly gunzTarPerm modified mode [ 'build-release.sh', 438, 420 ]
76 silly gunzTarPerm extractEntry build-test.sh
77 silly gunzTarPerm modified mode [ 'build-test.sh', 438, 420 ]
78 silly lockFile 81d5526b-9820-0-08648708579130471-package tar://C:\Users\shavyg2\AppData\Local\Temp\npm-5288-soabAdYd\1397158659820-0.08648708579130471\package
79 silly lockFile 81d5526b-9820-0-08648708579130471-package tar://C:\Users\shavyg2\AppData\Local\Temp\npm-5288-soabAdYd\1397158659820-0.08648708579130471\package
80 silly lockFile 4c2da492-9820-0-08648708579130471-tmp-tgz tar://C:\Users\shavyg2\AppData\Local\Temp\npm-5288-soabAdYd\1397158659820-0.08648708579130471\tmp.tgz
81 silly lockFile 4c2da492-9820-0-08648708579130471-tmp-tgz tar://C:\Users\shavyg2\AppData\Local\Temp\npm-5288-soabAdYd\1397158659820-0.08648708579130471\tmp.tgz
82 verbose tar pack [ 'C:\\Users\\shavyg2\\AppData\\Roaming\\npm-cache\\coffee-stir\\0.0.1\\package.tgz',
82 verbose tar pack   'C:\\Users\\shavyg2\\AppData\\Local\\Temp\\npm-5288-soabAdYd\\1397158659820-0.08648708579130471\\package' ]
83 verbose tarball C:\Users\shavyg2\AppData\Roaming\npm-cache\coffee-stir\0.0.1\package.tgz
84 verbose folder C:\Users\shavyg2\AppData\Local\Temp\npm-5288-soabAdYd\1397158659820-0.08648708579130471\package
85 silly lockFile 81d5526b-9820-0-08648708579130471-package tar://C:\Users\shavyg2\AppData\Local\Temp\npm-5288-soabAdYd\1397158659820-0.08648708579130471\package
86 verbose lock tar://C:\Users\shavyg2\AppData\Local\Temp\npm-5288-soabAdYd\1397158659820-0.08648708579130471\package C:\Users\shavyg2\AppData\Roaming\npm-cache\81d5526b-9820-0-08648708579130471-package.lock
87 silly lockFile a26423bb-he-coffee-stir-0-0-1-package-tgz tar://C:\Users\shavyg2\AppData\Roaming\npm-cache\coffee-stir\0.0.1\package.tgz
88 verbose lock tar://C:\Users\shavyg2\AppData\Roaming\npm-cache\coffee-stir\0.0.1\package.tgz C:\Users\shavyg2\AppData\Roaming\npm-cache\a26423bb-he-coffee-stir-0-0-1-package-tgz.lock
89 silly lockFile 81d5526b-9820-0-08648708579130471-package tar://C:\Users\shavyg2\AppData\Local\Temp\npm-5288-soabAdYd\1397158659820-0.08648708579130471\package
90 silly lockFile 81d5526b-9820-0-08648708579130471-package tar://C:\Users\shavyg2\AppData\Local\Temp\npm-5288-soabAdYd\1397158659820-0.08648708579130471\package
91 silly lockFile a26423bb-he-coffee-stir-0-0-1-package-tgz tar://C:\Users\shavyg2\AppData\Roaming\npm-cache\coffee-stir\0.0.1\package.tgz
92 silly lockFile a26423bb-he-coffee-stir-0-0-1-package-tgz tar://C:\Users\shavyg2\AppData\Roaming\npm-cache\coffee-stir\0.0.1\package.tgz
93 silly lockFile d25ce200--cache-coffee-stir-0-0-1-package C:\Users\shavyg2\AppData\Roaming\npm-cache\coffee-stir\0.0.1\package
94 verbose lock C:\Users\shavyg2\AppData\Roaming\npm-cache\coffee-stir\0.0.1\package C:\Users\shavyg2\AppData\Roaming\npm-cache\d25ce200--cache-coffee-stir-0-0-1-package.lock
95 silly lockFile d25ce200--cache-coffee-stir-0-0-1-package C:\Users\shavyg2\AppData\Roaming\npm-cache\coffee-stir\0.0.1\package
96 silly lockFile d25ce200--cache-coffee-stir-0-0-1-package C:\Users\shavyg2\AppData\Roaming\npm-cache\coffee-stir\0.0.1\package
97 verbose tar unpack C:\Users\shavyg2\AppData\Roaming\npm-cache\coffee-stir\0.0.1\package.tgz
98 silly lockFile d5812962--cache-coffee-stir-0-0-1-package tar://C:\Users\shavyg2\AppData\Roaming\npm-cache\coffee-stir\0.0.1\package
99 verbose lock tar://C:\Users\shavyg2\AppData\Roaming\npm-cache\coffee-stir\0.0.1\package C:\Users\shavyg2\AppData\Roaming\npm-cache\d5812962--cache-coffee-stir-0-0-1-package.lock
100 silly lockFile a26423bb-he-coffee-stir-0-0-1-package-tgz tar://C:\Users\shavyg2\AppData\Roaming\npm-cache\coffee-stir\0.0.1\package.tgz
101 verbose lock tar://C:\Users\shavyg2\AppData\Roaming\npm-cache\coffee-stir\0.0.1\package.tgz C:\Users\shavyg2\AppData\Roaming\npm-cache\a26423bb-he-coffee-stir-0-0-1-package-tgz.lock
102 silly gunzTarPerm modes [ '755', '644' ]
103 silly gunzTarPerm extractEntry package.json
104 silly gunzTarPerm modified mode [ 'package.json', 438, 420 ]
105 silly gunzTarPerm extractEntry .npmignore
106 silly gunzTarPerm modified mode [ '.npmignore', 438, 420 ]
107 silly gunzTarPerm extractEntry .idea/.name
108 silly gunzTarPerm modified mode [ '.idea/.name', 438, 420 ]
109 silly gunzTarPerm extractEntry .idea/coffee-stir.iml
110 silly gunzTarPerm modified mode [ '.idea/coffee-stir.iml', 438, 420 ]
111 silly gunzTarPerm extractEntry .idea/encodings.xml
112 silly gunzTarPerm modified mode [ '.idea/encodings.xml', 438, 420 ]
113 silly gunzTarPerm extractEntry .idea/misc.xml
114 silly gunzTarPerm modified mode [ '.idea/misc.xml', 438, 420 ]
115 silly gunzTarPerm extractEntry .idea/modules.xml
116 silly gunzTarPerm modified mode [ '.idea/modules.xml', 438, 420 ]
117 silly gunzTarPerm extractEntry .idea/scopes/scope_settings.xml
118 silly gunzTarPerm modified mode [ '.idea/scopes/scope_settings.xml', 438, 420 ]
119 silly gunzTarPerm extractEntry .idea/vcs.xml
120 silly gunzTarPerm modified mode [ '.idea/vcs.xml', 438, 420 ]
121 silly gunzTarPerm extractEntry .idea/workspace.xml
122 silly gunzTarPerm modified mode [ '.idea/workspace.xml', 438, 420 ]
123 silly gunzTarPerm extractEntry bin/cli.js
124 silly gunzTarPerm modified mode [ 'bin/cli.js', 438, 420 ]
125 silly gunzTarPerm extractEntry build-release.sh
126 silly gunzTarPerm modified mode [ 'build-release.sh', 438, 420 ]
127 silly gunzTarPerm extractEntry build-test.sh
128 silly gunzTarPerm modified mode [ 'build-test.sh', 438, 420 ]
129 silly lockFile d5812962--cache-coffee-stir-0-0-1-package tar://C:\Users\shavyg2\AppData\Roaming\npm-cache\coffee-stir\0.0.1\package
130 silly lockFile d5812962--cache-coffee-stir-0-0-1-package tar://C:\Users\shavyg2\AppData\Roaming\npm-cache\coffee-stir\0.0.1\package
131 silly lockFile a26423bb-he-coffee-stir-0-0-1-package-tgz tar://C:\Users\shavyg2\AppData\Roaming\npm-cache\coffee-stir\0.0.1\package.tgz
132 silly lockFile a26423bb-he-coffee-stir-0-0-1-package-tgz tar://C:\Users\shavyg2\AppData\Roaming\npm-cache\coffee-stir\0.0.1\package.tgz
133 verbose chmod C:\Users\shavyg2\AppData\Roaming\npm-cache\coffee-stir\0.0.1\package.tgz 644
134 silly chown skipping for windows C:\Users\shavyg2\AppData\Roaming\npm-cache\coffee-stir\0.0.1\package.tgz
135 silly lockFile 0ef72efd-offee-stir-coffee-stir-0-0-1-tgz https://registry.npmjs.org/coffee-stir/-/coffee-stir-0.0.1.tgz
136 silly lockFile 0ef72efd-offee-stir-coffee-stir-0-0-1-tgz https://registry.npmjs.org/coffee-stir/-/coffee-stir-0.0.1.tgz
137 silly lockFile 3ab65cc5-coffee-stir-0-0-1 coffee-stir@0.0.1
138 silly lockFile 3ab65cc5-coffee-stir-0-0-1 coffee-stir@0.0.1
139 silly lockFile 3ed50ee0-coffee-stir coffee-stir@
140 silly lockFile 3ed50ee0-coffee-stir coffee-stir@
141 silly resolved [ { name: 'coffee-stir',
141 silly resolved     version: '0.0.1',
141 silly resolved     description: 'This is a library to merge, watch and compile coffeescript files.',
141 silly resolved     keyword:
141 silly resolved      [ 'coffeescript',
141 silly resolved        'coffee-script',
141 silly resolved        'preprocessor',
141 silly resolved        'bundle',
141 silly resolved        'beastjavascript',
141 silly resolved        'concat',
141 silly resolved        'merge',
141 silly resolved        'include',
141 silly resolved        'add' ],
141 silly resolved     bin: { 'coffee-stir': 'bin/cli' },
141 silly resolved     author: { name: 'Shavauhn Gabay' },
141 silly resolved     devDependencies: { commander: '2.*', chokidar: '0.*' },
141 silly resolved     readme: 'ERROR: No README data found!',
141 silly resolved     _id: 'coffee-stir@0.0.1',
141 silly resolved     dist: { shasum: 'e6df6b37999b9d41e7321e94da148966d902579f' },
141 silly resolved     _from: 'coffee-stir@',
141 silly resolved     _resolved: 'https://registry.npmjs.org/coffee-stir/-/coffee-stir-0.0.1.tgz' } ]
142 info install coffee-stir@0.0.1 into C:\Users\shavyg2\AppData\Roaming\npm
143 info installOne coffee-stir@0.0.1
144 info C:\Users\shavyg2\AppData\Roaming\npm\node_modules\coffee-stir unbuild
145 verbose tar unpack C:\Users\shavyg2\AppData\Roaming\npm-cache\coffee-stir\0.0.1\package.tgz
146 silly lockFile eb804f30-ing-npm-node-modules-coffee-stir tar://C:\Users\shavyg2\AppData\Roaming\npm\node_modules\coffee-stir
147 verbose lock tar://C:\Users\shavyg2\AppData\Roaming\npm\node_modules\coffee-stir C:\Users\shavyg2\AppData\Roaming\npm-cache\eb804f30-ing-npm-node-modules-coffee-stir.lock
148 silly lockFile a26423bb-he-coffee-stir-0-0-1-package-tgz tar://C:\Users\shavyg2\AppData\Roaming\npm-cache\coffee-stir\0.0.1\package.tgz
149 verbose lock tar://C:\Users\shavyg2\AppData\Roaming\npm-cache\coffee-stir\0.0.1\package.tgz C:\Users\shavyg2\AppData\Roaming\npm-cache\a26423bb-he-coffee-stir-0-0-1-package-tgz.lock
150 silly gunzTarPerm modes [ '755', '644' ]
151 silly gunzTarPerm extractEntry package.json
152 silly gunzTarPerm modified mode [ 'package.json', 438, 420 ]
153 silly gunzTarPerm extractEntry .npmignore
154 silly gunzTarPerm modified mode [ '.npmignore', 438, 420 ]
155 silly gunzTarPerm extractEntry .idea/.name
156 silly gunzTarPerm modified mode [ '.idea/.name', 438, 420 ]
157 silly gunzTarPerm extractEntry .idea/coffee-stir.iml
158 silly gunzTarPerm modified mode [ '.idea/coffee-stir.iml', 438, 420 ]
159 silly gunzTarPerm extractEntry .idea/encodings.xml
160 silly gunzTarPerm modified mode [ '.idea/encodings.xml', 438, 420 ]
161 silly gunzTarPerm extractEntry .idea/misc.xml
162 silly gunzTarPerm modified mode [ '.idea/misc.xml', 438, 420 ]
163 silly gunzTarPerm extractEntry .idea/modules.xml
164 silly gunzTarPerm modified mode [ '.idea/modules.xml', 438, 420 ]
165 silly gunzTarPerm extractEntry .idea/scopes/scope_settings.xml
166 silly gunzTarPerm modified mode [ '.idea/scopes/scope_settings.xml', 438, 420 ]
167 silly gunzTarPerm extractEntry .idea/vcs.xml
168 silly gunzTarPerm modified mode [ '.idea/vcs.xml', 438, 420 ]
169 silly gunzTarPerm extractEntry .idea/workspace.xml
170 silly gunzTarPerm modified mode [ '.idea/workspace.xml', 438, 420 ]
171 silly gunzTarPerm extractEntry bin/cli.js
172 silly gunzTarPerm modified mode [ 'bin/cli.js', 438, 420 ]
173 silly gunzTarPerm extractEntry build-release.sh
174 silly gunzTarPerm modified mode [ 'build-release.sh', 438, 420 ]
175 silly gunzTarPerm extractEntry build-test.sh
176 silly gunzTarPerm modified mode [ 'build-test.sh', 438, 420 ]
177 silly lockFile eb804f30-ing-npm-node-modules-coffee-stir tar://C:\Users\shavyg2\AppData\Roaming\npm\node_modules\coffee-stir
178 silly lockFile eb804f30-ing-npm-node-modules-coffee-stir tar://C:\Users\shavyg2\AppData\Roaming\npm\node_modules\coffee-stir
179 silly lockFile a26423bb-he-coffee-stir-0-0-1-package-tgz tar://C:\Users\shavyg2\AppData\Roaming\npm-cache\coffee-stir\0.0.1\package.tgz
180 silly lockFile a26423bb-he-coffee-stir-0-0-1-package-tgz tar://C:\Users\shavyg2\AppData\Roaming\npm-cache\coffee-stir\0.0.1\package.tgz
181 info preinstall coffee-stir@0.0.1
182 verbose readDependencies using package.json deps
183 verbose readDependencies using package.json deps
184 silly resolved []
185 verbose about to build C:\Users\shavyg2\AppData\Roaming\npm\node_modules\coffee-stir
186 info build C:\Users\shavyg2\AppData\Roaming\npm\node_modules\coffee-stir
187 verbose linkStuff [ true,
187 verbose linkStuff   'C:\\Users\\shavyg2\\AppData\\Roaming\\npm\\node_modules',
187 verbose linkStuff   true,
187 verbose linkStuff   'C:\\Users\\shavyg2\\AppData\\Roaming\\npm\\node_modules' ]
188 info linkStuff coffee-stir@0.0.1
189 verbose linkBins coffee-stir@0.0.1
190 verbose link bins [ { 'coffee-stir': 'bin/cli' },
190 verbose link bins   'C:\\Users\\shavyg2\\AppData\\Roaming\\npm',
190 verbose link bins   true ]
191 verbose linkMans coffee-stir@0.0.1
192 verbose rebuildBundles coffee-stir@0.0.1
193 info C:\Users\shavyg2\AppData\Roaming\npm\node_modules\coffee-stir unbuild
194 info preuninstall coffee-stir@0.0.1
195 info uninstall coffee-stir@0.0.1
196 verbose true,C:\Users\shavyg2\AppData\Roaming\npm\node_modules,C:\Users\shavyg2\AppData\Roaming\npm\node_modules unbuild coffee-stir@0.0.1
197 verbose C:\Users\shavyg2\AppData\Roaming\npm,[object Object] binRoot
198 info postuninstall coffee-stir@0.0.1
199 error Error: ENOENT, chmod 'C:\Users\shavyg2\AppData\Roaming\npm\node_modules\coffee-stir\bin\cli'
200 error If you need help, you may report this log at:
200 error     <http://github.com/isaacs/npm/issues>
200 error or email it to:
200 error     <npm-@googlegroups.com>
201 error System Windows_NT 6.2.9200
202 error command "c:\\Program Files\\nodejs\\node.exe" "c:\\Program Files\\nodejs\\node_modules\\npm\\bin\\npm-cli.js" "install" "-g" "coffee-stir"
203 error cwd C:\sites\BTC-Assignment3
204 error node -v v0.10.21
205 error npm -v 1.3.11
206 error path C:\Users\shavyg2\AppData\Roaming\npm\node_modules\coffee-stir\bin\cli
207 error code ENOENT
208 error errno 34
209 verbose exit [ 34, true ]
